<?xml version="1.0" encoding="UTF-8"?>
<coverage generated="1680529772902" clover="3.2.0">
  <project timestamp="1680529772902" name="All files">
    <metrics statements="100" coveredstatements="86" conditionals="22" coveredconditionals="18" methods="39" coveredmethods="33" elements="161" coveredelements="137" complexity="0" loc="100" ncloc="100" packages="5" files="7" classes="7"/>
    <package name="cypress.mocks">
      <metrics statements="1" coveredstatements="1" conditionals="0" coveredconditionals="0" methods="0" coveredmethods="0"/>
      <file name="testData.js" path="/home/livia/trybe_projetos/sd-028-a-project-starwars-planets-search/cypress/mocks/testData.js">
        <metrics statements="1" coveredstatements="1" conditionals="0" coveredconditionals="0" methods="0" coveredmethods="0"/>
        <line num="1" count="1" type="stmt"/>
      </file>
    </package>
    <package name="src">
      <metrics statements="1" coveredstatements="1" conditionals="0" coveredconditionals="0" methods="1" coveredmethods="1"/>
      <file name="App.js" path="/home/livia/trybe_projetos/sd-028-a-project-starwars-planets-search/src/App.js">
        <metrics statements="1" coveredstatements="1" conditionals="0" coveredconditionals="0" methods="1" coveredmethods="1"/>
        <line num="8" count="5" type="stmt"/>
      </file>
    </package>
    <package name="src.Components">
      <metrics statements="72" coveredstatements="58" conditionals="18" coveredconditionals="14" methods="33" coveredmethods="27"/>
      <file name="Filters.js" path="/home/livia/trybe_projetos/sd-028-a-project-starwars-planets-search/src/Components/Filters.js">
        <metrics statements="38" coveredstatements="32" conditionals="10" coveredconditionals="9" methods="20" coveredmethods="16"/>
        <line num="24" count="36" type="stmt"/>
        <line num="26" count="36" type="cond" truecount="4" falsecount="0"/>
        <line num="27" count="280" type="stmt"/>
        <line num="30" count="3" type="stmt"/>
        <line num="35" count="3" type="stmt"/>
        <line num="37" count="3" type="stmt"/>
        <line num="38" count="4" type="stmt"/>
        <line num="40" count="4" type="cond" truecount="2" falsecount="0"/>
        <line num="41" count="3" type="stmt"/>
        <line num="42" count="22" type="stmt"/>
        <line num="43" count="3" type="stmt"/>
        <line num="45" count="4" type="cond" truecount="1" falsecount="1"/>
        <line num="46" count="0" type="stmt"/>
        <line num="47" count="0" type="stmt"/>
        <line num="48" count="0" type="stmt"/>
        <line num="50" count="4" type="cond" truecount="2" falsecount="0"/>
        <line num="51" count="1" type="stmt"/>
        <line num="52" count="2" type="stmt"/>
        <line num="53" count="1" type="stmt"/>
        <line num="56" count="3" type="stmt"/>
        <line num="57" count="14" type="stmt"/>
        <line num="59" count="3" type="stmt"/>
        <line num="61" count="3" type="stmt"/>
        <line num="65" count="1" type="stmt"/>
        <line num="66" count="1" type="stmt"/>
        <line num="68" count="1" type="stmt"/>
        <line num="75" count="36" type="stmt"/>
        <line num="83" count="5" type="stmt"/>
        <line num="92" count="3" type="stmt"/>
        <line num="95" count="172" type="stmt"/>
        <line num="107" count="3" type="stmt"/>
        <line num="118" count="3" type="stmt"/>
        <line num="129" count="9" type="stmt"/>
        <line num="137" count="0" type="stmt"/>
        <line num="140" count="260" type="stmt"/>
        <line num="154" count="0" type="stmt"/>
        <line num="161" count="0" type="stmt"/>
        <line num="166" count="1" type="stmt"/>
      </file>
      <file name="JointFilters.js" path="/home/livia/trybe_projetos/sd-028-a-project-starwars-planets-search/src/Components/JointFilters.js">
        <metrics statements="27" coveredstatements="19" conditionals="8" coveredconditionals="5" methods="9" coveredmethods="7"/>
        <line num="11" count="36" type="stmt"/>
        <line num="14" count="1" type="stmt"/>
        <line num="15" count="2" type="stmt"/>
        <line num="16" count="1" type="stmt"/>
        <line num="17" count="1" type="stmt"/>
        <line num="19" count="1" type="stmt"/>
        <line num="21" count="1" type="stmt"/>
        <line num="22" count="1" type="stmt"/>
        <line num="24" count="1" type="cond" truecount="1" falsecount="1"/>
        <line num="25" count="0" type="stmt"/>
        <line num="26" count="0" type="stmt"/>
        <line num="27" count="0" type="stmt"/>
        <line num="28" count="0" type="stmt"/>
        <line num="30" count="1" type="cond" truecount="1" falsecount="1"/>
        <line num="31" count="0" type="stmt"/>
        <line num="32" count="0" type="stmt"/>
        <line num="33" count="0" type="stmt"/>
        <line num="34" count="0" type="stmt"/>
        <line num="36" count="1" type="cond" truecount="1" falsecount="1"/>
        <line num="37" count="1" type="stmt"/>
        <line num="38" count="10" type="stmt"/>
        <line num="39" count="1" type="stmt"/>
        <line num="40" count="1" type="stmt"/>
        <line num="43" count="1" type="stmt"/>
        <line num="50" count="36" type="stmt"/>
        <line num="53" count="8" type="stmt"/>
        <line num="64" count="1" type="stmt"/>
      </file>
      <file name="Table.js" path="/home/livia/trybe_projetos/sd-028-a-project-starwars-planets-search/src/Components/Table.js">
        <metrics statements="7" coveredstatements="7" conditionals="0" coveredconditionals="0" methods="4" coveredmethods="4"/>
        <line num="6" count="49" type="stmt"/>
        <line num="7" count="49" type="stmt"/>
        <line num="9" count="49" type="stmt"/>
        <line num="10" count="13" type="stmt"/>
        <line num="14" count="49" type="stmt"/>
        <line num="35" count="125" type="stmt"/>
        <line num="48" count="272" type="stmt"/>
      </file>
    </package>
    <package name="src.Context">
      <metrics statements="1" coveredstatements="1" conditionals="0" coveredconditionals="0" methods="0" coveredmethods="0"/>
      <file name="PlanetContext.js" path="/home/livia/trybe_projetos/sd-028-a-project-starwars-planets-search/src/Context/PlanetContext.js">
        <metrics statements="1" coveredstatements="1" conditionals="0" coveredconditionals="0" methods="0" coveredmethods="0"/>
        <line num="3" count="1" type="stmt"/>
      </file>
    </package>
    <package name="src.Provider">
      <metrics statements="25" coveredstatements="25" conditionals="4" coveredconditionals="4" methods="5" coveredmethods="5"/>
      <file name="PlanetProvider.js" path="/home/livia/trybe_projetos/sd-028-a-project-starwars-planets-search/src/Provider/PlanetProvider.js">
        <metrics statements="25" coveredstatements="25" conditionals="4" coveredconditionals="4" methods="5" coveredmethods="5"/>
        <line num="6" count="36" type="stmt"/>
        <line num="7" count="36" type="stmt"/>
        <line num="8" count="36" type="stmt"/>
        <line num="9" count="36" type="stmt"/>
        <line num="10" count="36" type="stmt"/>
        <line num="11" count="36" type="stmt"/>
        <line num="12" count="36" type="stmt"/>
        <line num="13" count="36" type="stmt"/>
        <line num="14" count="36" type="stmt"/>
        <line num="15" count="36" type="stmt"/>
        <line num="16" count="36" type="stmt"/>
        <line num="19" count="36" type="stmt"/>
        <line num="43" count="36" type="stmt"/>
        <line num="45" count="5" type="stmt"/>
        <line num="46" count="5" type="stmt"/>
        <line num="47" count="5" type="stmt"/>
        <line num="48" count="5" type="stmt"/>
        <line num="50" count="5" type="stmt"/>
        <line num="53" count="36" type="stmt"/>
        <line num="54" count="13" type="cond" truecount="4" falsecount="0"/>
        <line num="55" count="3" type="stmt"/>
        <line num="56" count="30" type="stmt"/>
        <line num="58" count="3" type="stmt"/>
        <line num="62" count="36" type="stmt"/>
        <line num="69" count="1" type="stmt"/>
      </file>
    </package>
  </project>
</coverage>
