{"/home/livia/trybe_projetos/sd-028-a-project-starwars-planets-search/cypress/mocks/testData.js": {"path":"/home/livia/trybe_projetos/sd-028-a-project-starwars-planets-search/cypress/mocks/testData.js","statementMap":{"0":{"start":{"line":1,"column":17},"end":{"line":239,"column":1}}},"fnMap":{},"branchMap":{},"s":{"0":1},"f":{},"b":{},"_coverageSchema":"1a1c01bbd47fc00a2c39e90264f33305004495a9","hash":"bc93b2d5e3a864ca0cd896a9bb6a9abb3c665477"}
,"/home/livia/trybe_projetos/sd-028-a-project-starwars-planets-search/src/App.js": {"path":"/home/livia/trybe_projetos/sd-028-a-project-starwars-planets-search/src/App.js","statementMap":{"0":{"start":{"line":8,"column":2},"end":{"line":14,"column":4}}},"fnMap":{"0":{"name":"App","decl":{"start":{"line":7,"column":9},"end":{"line":7,"column":12}},"loc":{"start":{"line":7,"column":15},"end":{"line":15,"column":1}},"line":7}},"branchMap":{},"s":{"0":5},"f":{"0":5},"b":{},"_coverageSchema":"1a1c01bbd47fc00a2c39e90264f33305004495a9","hash":"13264fedb848f979ace8a94eeef04220c3a811be"}
,"/home/livia/trybe_projetos/sd-028-a-project-starwars-planets-search/src/Components/Filters.js": {"path":"/home/livia/trybe_projetos/sd-028-a-project-starwars-planets-search/src/Components/Filters.js","statementMap":{"0":{"start":{"line":24,"column":6},"end":{"line":24,"column":31}},"1":{"start":{"line":26,"column":21},"end":{"line":27,"column":74}},"2":{"start":{"line":27,"column":54},"end":{"line":27,"column":73}},"3":{"start":{"line":30,"column":22},"end":{"line":34,"column":6}},"4":{"start":{"line":35,"column":4},"end":{"line":35,"column":33}},"5":{"start":{"line":37,"column":4},"end":{"line":55,"column":7}},"6":{"start":{"line":38,"column":20},"end":{"line":38,"column":44}},"7":{"start":{"line":40,"column":6},"end":{"line":44,"column":7}},"8":{"start":{"line":41,"column":31},"end":{"line":42,"column":80}},"9":{"start":{"line":42,"column":34},"end":{"line":42,"column":79}},"10":{"start":{"line":43,"column":8},"end":{"line":43,"column":43}},"11":{"start":{"line":45,"column":6},"end":{"line":49,"column":7}},"12":{"start":{"line":46,"column":31},"end":{"line":47,"column":80}},"13":{"start":{"line":47,"column":34},"end":{"line":47,"column":79}},"14":{"start":{"line":48,"column":8},"end":{"line":48,"column":43}},"15":{"start":{"line":50,"column":6},"end":{"line":54,"column":7}},"16":{"start":{"line":51,"column":29},"end":{"line":52,"column":82}},"17":{"start":{"line":52,"column":34},"end":{"line":52,"column":81}},"18":{"start":{"line":53,"column":8},"end":{"line":53,"column":41}},"19":{"start":{"line":56,"column":24},"end":{"line":57,"column":58}},"20":{"start":{"line":57,"column":30},"end":{"line":57,"column":57}},"21":{"start":{"line":59,"column":4},"end":{"line":59,"column":34}},"22":{"start":{"line":61,"column":4},"end":{"line":61,"column":36}},"23":{"start":{"line":65,"column":4},"end":{"line":65,"column":26}},"24":{"start":{"line":66,"column":4},"end":{"line":67,"column":55}},"25":{"start":{"line":68,"column":4},"end":{"line":68,"column":40}},"26":{"start":{"line":75,"column":2},"end":{"line":172,"column":4}},"27":{"start":{"line":83,"column":37},"end":{"line":83,"column":69}},"28":{"start":{"line":92,"column":37},"end":{"line":92,"column":66}},"29":{"start":{"line":95,"column":12},"end":{"line":97,"column":21}},"30":{"start":{"line":107,"column":37},"end":{"line":107,"column":68}},"31":{"start":{"line":118,"column":24},"end":{"line":118,"column":37}},"32":{"start":{"line":129,"column":37},"end":{"line":129,"column":71}},"33":{"start":{"line":137,"column":37},"end":{"line":137,"column":67}},"34":{"start":{"line":140,"column":12},"end":{"line":145,"column":21}},"35":{"start":{"line":154,"column":34},"end":{"line":154,"column":60}},"36":{"start":{"line":161,"column":34},"end":{"line":161,"column":60}},"37":{"start":{"line":166,"column":24},"end":{"line":166,"column":40}}},"fnMap":{"0":{"name":"Filters","decl":{"start":{"line":4,"column":24},"end":{"line":4,"column":31}},"loc":{"start":{"line":4,"column":34},"end":{"line":173,"column":1}},"line":4},"1":{"name":"(anonymous_1)","decl":{"start":{"line":27,"column":45},"end":{"line":27,"column":46}},"loc":{"start":{"line":27,"column":54},"end":{"line":27,"column":73}},"line":27},"2":{"name":"handleClick","decl":{"start":{"line":29,"column":11},"end":{"line":29,"column":22}},"loc":{"start":{"line":29,"column":25},"end":{"line":62,"column":3}},"line":29},"3":{"name":"(anonymous_3)","decl":{"start":{"line":37,"column":22},"end":{"line":37,"column":23}},"loc":{"start":{"line":37,"column":38},"end":{"line":55,"column":5}},"line":37},"4":{"name":"(anonymous_4)","decl":{"start":{"line":42,"column":18},"end":{"line":42,"column":19}},"loc":{"start":{"line":42,"column":34},"end":{"line":42,"column":79}},"line":42},"5":{"name":"(anonymous_5)","decl":{"start":{"line":47,"column":18},"end":{"line":47,"column":19}},"loc":{"start":{"line":47,"column":34},"end":{"line":47,"column":79}},"line":47},"6":{"name":"(anonymous_6)","decl":{"start":{"line":52,"column":18},"end":{"line":52,"column":19}},"loc":{"start":{"line":52,"column":34},"end":{"line":52,"column":81}},"line":52},"7":{"name":"(anonymous_7)","decl":{"start":{"line":57,"column":14},"end":{"line":57,"column":15}},"loc":{"start":{"line":57,"column":30},"end":{"line":57,"column":57}},"line":57},"8":{"name":"handleClickAll","decl":{"start":{"line":64,"column":11},"end":{"line":64,"column":25}},"loc":{"start":{"line":64,"column":28},"end":{"line":69,"column":3}},"line":64},"9":{"name":"(anonymous_9)","decl":{"start":{"line":83,"column":21},"end":{"line":83,"column":22}},"loc":{"start":{"line":83,"column":37},"end":{"line":83,"column":69}},"line":83},"10":{"name":"(anonymous_10)","decl":{"start":{"line":92,"column":21},"end":{"line":92,"column":22}},"loc":{"start":{"line":92,"column":37},"end":{"line":92,"column":66}},"line":92},"11":{"name":"(anonymous_11)","decl":{"start":{"line":94,"column":30},"end":{"line":94,"column":31}},"loc":{"start":{"line":95,"column":12},"end":{"line":97,"column":21}},"line":95},"12":{"name":"(anonymous_12)","decl":{"start":{"line":107,"column":21},"end":{"line":107,"column":22}},"loc":{"start":{"line":107,"column":37},"end":{"line":107,"column":68}},"line":107},"13":{"name":"(anonymous_13)","decl":{"start":{"line":118,"column":18},"end":{"line":118,"column":19}},"loc":{"start":{"line":118,"column":24},"end":{"line":118,"column":37}},"line":118},"14":{"name":"(anonymous_14)","decl":{"start":{"line":129,"column":21},"end":{"line":129,"column":22}},"loc":{"start":{"line":129,"column":37},"end":{"line":129,"column":71}},"line":129},"15":{"name":"(anonymous_15)","decl":{"start":{"line":137,"column":21},"end":{"line":137,"column":22}},"loc":{"start":{"line":137,"column":37},"end":{"line":137,"column":67}},"line":137},"16":{"name":"(anonymous_16)","decl":{"start":{"line":139,"column":27},"end":{"line":139,"column":28}},"loc":{"start":{"line":140,"column":12},"end":{"line":145,"column":21}},"line":140},"17":{"name":"(anonymous_17)","decl":{"start":{"line":154,"column":18},"end":{"line":154,"column":19}},"loc":{"start":{"line":154,"column":34},"end":{"line":154,"column":60}},"line":154},"18":{"name":"(anonymous_18)","decl":{"start":{"line":161,"column":18},"end":{"line":161,"column":19}},"loc":{"start":{"line":161,"column":34},"end":{"line":161,"column":60}},"line":161},"19":{"name":"(anonymous_19)","decl":{"start":{"line":166,"column":18},"end":{"line":166,"column":19}},"loc":{"start":{"line":166,"column":24},"end":{"line":166,"column":40}},"line":166}},"branchMap":{"0":{"loc":{"start":{"line":26,"column":21},"end":{"line":27,"column":74}},"type":"cond-expr","locations":[{"start":{"line":26,"column":64},"end":{"line":26,"column":66}},{"start":{"line":27,"column":6},"end":{"line":27,"column":74}}],"line":26},"1":{"loc":{"start":{"line":26,"column":21},"end":{"line":26,"column":61}},"type":"binary-expr","locations":[{"start":{"line":26,"column":21},"end":{"line":26,"column":41}},{"start":{"line":26,"column":45},"end":{"line":26,"column":61}}],"line":26},"2":{"loc":{"start":{"line":40,"column":6},"end":{"line":44,"column":7}},"type":"if","locations":[{"start":{"line":40,"column":6},"end":{"line":44,"column":7}},{"start":{},"end":{}}],"line":40},"3":{"loc":{"start":{"line":45,"column":6},"end":{"line":49,"column":7}},"type":"if","locations":[{"start":{"line":45,"column":6},"end":{"line":49,"column":7}},{"start":{},"end":{}}],"line":45},"4":{"loc":{"start":{"line":50,"column":6},"end":{"line":54,"column":7}},"type":"if","locations":[{"start":{"line":50,"column":6},"end":{"line":54,"column":7}},{"start":{},"end":{}}],"line":50}},"s":{"0":36,"1":36,"2":280,"3":3,"4":3,"5":3,"6":4,"7":4,"8":3,"9":22,"10":3,"11":4,"12":0,"13":0,"14":0,"15":4,"16":1,"17":2,"18":1,"19":3,"20":14,"21":3,"22":3,"23":1,"24":1,"25":1,"26":36,"27":5,"28":3,"29":172,"30":3,"31":3,"32":9,"33":0,"34":260,"35":0,"36":0,"37":1},"f":{"0":36,"1":280,"2":3,"3":4,"4":22,"5":0,"6":2,"7":14,"8":1,"9":5,"10":3,"11":172,"12":3,"13":3,"14":9,"15":0,"16":260,"17":0,"18":0,"19":1},"b":{"0":[16,20],"1":[36,20],"2":[3,1],"3":[0,4],"4":[1,3]},"_coverageSchema":"1a1c01bbd47fc00a2c39e90264f33305004495a9","hash":"dd5fe95881297f20151a9a1f9ef9576d2c17c08e"}
,"/home/livia/trybe_projetos/sd-028-a-project-starwars-planets-search/src/Components/JointFilters.js": {"path":"/home/livia/trybe_projetos/sd-028-a-project-starwars-planets-search/src/Components/JointFilters.js","statementMap":{"0":{"start":{"line":11,"column":25},"end":{"line":11,"column":50}},"1":{"start":{"line":14,"column":34},"end":{"line":15,"column":73}},"2":{"start":{"line":15,"column":30},"end":{"line":15,"column":72}},"3":{"start":{"line":16,"column":4},"end":{"line":16,"column":45}},"4":{"start":{"line":17,"column":4},"end":{"line":17,"column":63}},"5":{"start":{"line":19,"column":29},"end":{"line":19,"column":44}},"6":{"start":{"line":21,"column":4},"end":{"line":42,"column":7}},"7":{"start":{"line":22,"column":20},"end":{"line":22,"column":44}},"8":{"start":{"line":24,"column":6},"end":{"line":29,"column":7}},"9":{"start":{"line":25,"column":8},"end":{"line":26,"column":81}},"10":{"start":{"line":26,"column":34},"end":{"line":26,"column":79}},"11":{"start":{"line":27,"column":8},"end":{"line":27,"column":47}},"12":{"start":{"line":28,"column":8},"end":{"line":28,"column":40}},"13":{"start":{"line":30,"column":6},"end":{"line":35,"column":7}},"14":{"start":{"line":31,"column":8},"end":{"line":32,"column":81}},"15":{"start":{"line":32,"column":34},"end":{"line":32,"column":79}},"16":{"start":{"line":33,"column":8},"end":{"line":33,"column":47}},"17":{"start":{"line":34,"column":8},"end":{"line":34,"column":40}},"18":{"start":{"line":36,"column":6},"end":{"line":41,"column":7}},"19":{"start":{"line":37,"column":8},"end":{"line":38,"column":83}},"20":{"start":{"line":38,"column":34},"end":{"line":38,"column":81}},"21":{"start":{"line":39,"column":8},"end":{"line":39,"column":47}},"22":{"start":{"line":40,"column":8},"end":{"line":40,"column":40}},"23":{"start":{"line":43,"column":4},"end":{"line":43,"column":43}},"24":{"start":{"line":50,"column":2},"end":{"line":71,"column":4}},"25":{"start":{"line":53,"column":8},"end":{"line":68,"column":14}},"26":{"start":{"line":64,"column":28},"end":{"line":64,"column":51}}},"fnMap":{"0":{"name":"Table","decl":{"start":{"line":4,"column":24},"end":{"line":4,"column":29}},"loc":{"start":{"line":4,"column":32},"end":{"line":72,"column":1}},"line":4},"1":{"name":"handleClick","decl":{"start":{"line":13,"column":11},"end":{"line":13,"column":22}},"loc":{"start":{"line":13,"column":38},"end":{"line":44,"column":3}},"line":13},"2":{"name":"(anonymous_2)","decl":{"start":{"line":15,"column":14},"end":{"line":15,"column":15}},"loc":{"start":{"line":15,"column":30},"end":{"line":15,"column":72}},"line":15},"3":{"name":"(anonymous_3)","decl":{"start":{"line":21,"column":34},"end":{"line":21,"column":35}},"loc":{"start":{"line":21,"column":50},"end":{"line":42,"column":5}},"line":21},"4":{"name":"(anonymous_4)","decl":{"start":{"line":26,"column":18},"end":{"line":26,"column":19}},"loc":{"start":{"line":26,"column":34},"end":{"line":26,"column":79}},"line":26},"5":{"name":"(anonymous_5)","decl":{"start":{"line":32,"column":18},"end":{"line":32,"column":19}},"loc":{"start":{"line":32,"column":34},"end":{"line":32,"column":79}},"line":32},"6":{"name":"(anonymous_6)","decl":{"start":{"line":38,"column":18},"end":{"line":38,"column":19}},"loc":{"start":{"line":38,"column":34},"end":{"line":38,"column":81}},"line":38},"7":{"name":"(anonymous_7)","decl":{"start":{"line":52,"column":55},"end":{"line":52,"column":56}},"loc":{"start":{"line":53,"column":8},"end":{"line":68,"column":14}},"line":53},"8":{"name":"(anonymous_8)","decl":{"start":{"line":64,"column":22},"end":{"line":64,"column":23}},"loc":{"start":{"line":64,"column":28},"end":{"line":64,"column":51}},"line":64}},"branchMap":{"0":{"loc":{"start":{"line":24,"column":6},"end":{"line":29,"column":7}},"type":"if","locations":[{"start":{"line":24,"column":6},"end":{"line":29,"column":7}},{"start":{},"end":{}}],"line":24},"1":{"loc":{"start":{"line":30,"column":6},"end":{"line":35,"column":7}},"type":"if","locations":[{"start":{"line":30,"column":6},"end":{"line":35,"column":7}},{"start":{},"end":{}}],"line":30},"2":{"loc":{"start":{"line":36,"column":6},"end":{"line":41,"column":7}},"type":"if","locations":[{"start":{"line":36,"column":6},"end":{"line":41,"column":7}},{"start":{},"end":{}}],"line":36},"3":{"loc":{"start":{"line":52,"column":7},"end":{"line":69,"column":8}},"type":"binary-expr","locations":[{"start":{"line":52,"column":7},"end":{"line":52,"column":32}},{"start":{"line":52,"column":36},"end":{"line":69,"column":8}}],"line":52}},"s":{"0":36,"1":1,"2":2,"3":1,"4":1,"5":1,"6":1,"7":1,"8":1,"9":0,"10":0,"11":0,"12":0,"13":1,"14":0,"15":0,"16":0,"17":0,"18":1,"19":1,"20":10,"21":1,"22":1,"23":1,"24":36,"25":8,"26":1},"f":{"0":36,"1":1,"2":2,"3":1,"4":0,"5":0,"6":10,"7":8,"8":1},"b":{"0":[0,1],"1":[0,1],"2":[1,0],"3":[36,7]},"_coverageSchema":"1a1c01bbd47fc00a2c39e90264f33305004495a9","hash":"9ebf45510e8106ac61608d08734e5fc92a9a62f6"}
,"/home/livia/trybe_projetos/sd-028-a-project-starwars-planets-search/src/Components/Table.js": {"path":"/home/livia/trybe_projetos/sd-028-a-project-starwars-planets-search/src/Components/Table.js","statementMap":{"0":{"start":{"line":6,"column":30},"end":{"line":6,"column":55}},"1":{"start":{"line":7,"column":44},"end":{"line":7,"column":56}},"2":{"start":{"line":9,"column":2},"end":{"line":12,"column":24}},"3":{"start":{"line":10,"column":4},"end":{"line":10,"column":38}},"4":{"start":{"line":14,"column":2},"end":{"line":60,"column":4}},"5":{"start":{"line":35,"column":10},"end":{"line":56,"column":15}},"6":{"start":{"line":48,"column":18},"end":{"line":50,"column":24}}},"fnMap":{"0":{"name":"Table","decl":{"start":{"line":5,"column":24},"end":{"line":5,"column":29}},"loc":{"start":{"line":5,"column":32},"end":{"line":61,"column":1}},"line":5},"1":{"name":"(anonymous_1)","decl":{"start":{"line":9,"column":12},"end":{"line":9,"column":13}},"loc":{"start":{"line":9,"column":18},"end":{"line":12,"column":3}},"line":9},"2":{"name":"(anonymous_2)","decl":{"start":{"line":34,"column":28},"end":{"line":34,"column":29}},"loc":{"start":{"line":35,"column":10},"end":{"line":56,"column":15}},"line":35},"3":{"name":"(anonymous_3)","decl":{"start":{"line":47,"column":37},"end":{"line":47,"column":38}},"loc":{"start":{"line":48,"column":18},"end":{"line":50,"column":24}},"line":48}},"branchMap":{},"s":{"0":49,"1":49,"2":49,"3":13,"4":49,"5":125,"6":272},"f":{"0":49,"1":13,"2":125,"3":272},"b":{},"_coverageSchema":"1a1c01bbd47fc00a2c39e90264f33305004495a9","hash":"5e43729f0af436e58b1f2fff59a8c3269efffe05"}
,"/home/livia/trybe_projetos/sd-028-a-project-starwars-planets-search/src/Context/PlanetContext.js": {"path":"/home/livia/trybe_projetos/sd-028-a-project-starwars-planets-search/src/Context/PlanetContext.js","statementMap":{"0":{"start":{"line":3,"column":22},"end":{"line":3,"column":37}}},"fnMap":{},"branchMap":{},"s":{"0":1},"f":{},"b":{},"_coverageSchema":"1a1c01bbd47fc00a2c39e90264f33305004495a9","hash":"eccb01175c249fff82e401b3c6071a4f537ce9b9"}
,"/home/livia/trybe_projetos/sd-028-a-project-starwars-planets-search/src/Provider/PlanetProvider.js": {"path":"/home/livia/trybe_projetos/sd-028-a-project-starwars-planets-search/src/Provider/PlanetProvider.js","statementMap":{"0":{"start":{"line":6,"column":32},"end":{"line":6,"column":44}},"1":{"start":{"line":7,"column":48},"end":{"line":7,"column":60}},"2":{"start":{"line":8,"column":32},"end":{"line":8,"column":46}},"3":{"start":{"line":9,"column":48},"end":{"line":9,"column":60}},"4":{"start":{"line":10,"column":52},"end":{"line":10,"column":63}},"5":{"start":{"line":11,"column":42},"end":{"line":11,"column":64}},"6":{"start":{"line":12,"column":46},"end":{"line":12,"column":67}},"7":{"start":{"line":13,"column":44},"end":{"line":13,"column":56}},"8":{"start":{"line":14,"column":36},"end":{"line":14,"column":48}},"9":{"start":{"line":15,"column":46},"end":{"line":15,"column":58}},"10":{"start":{"line":16,"column":44},"end":{"line":17,"column":52}},"11":{"start":{"line":19,"column":16},"end":{"line":41,"column":3}},"12":{"start":{"line":43,"column":2},"end":{"line":51,"column":9}},"13":{"start":{"line":45,"column":23},"end":{"line":45,"column":67}},"14":{"start":{"line":46,"column":19},"end":{"line":46,"column":40}},"15":{"start":{"line":47,"column":6},"end":{"line":47,"column":23}},"16":{"start":{"line":48,"column":6},"end":{"line":48,"column":24}},"17":{"start":{"line":50,"column":4},"end":{"line":50,"column":19}},"18":{"start":{"line":53,"column":2},"end":{"line":60,"column":42}},"19":{"start":{"line":54,"column":4},"end":{"line":59,"column":5}},"20":{"start":{"line":55,"column":23},"end":{"line":57,"column":51}},"21":{"start":{"line":56,"column":32},"end":{"line":57,"column":50}},"22":{"start":{"line":58,"column":6},"end":{"line":58,"column":35}},"23":{"start":{"line":62,"column":2},"end":{"line":66,"column":4}},"24":{"start":{"line":69,"column":0},"end":{"line":71,"column":2}}},"fnMap":{"0":{"name":"PlanetProvider","decl":{"start":{"line":5,"column":24},"end":{"line":5,"column":38}},"loc":{"start":{"line":5,"column":53},"end":{"line":67,"column":1}},"line":5},"1":{"name":"(anonymous_1)","decl":{"start":{"line":43,"column":12},"end":{"line":43,"column":13}},"loc":{"start":{"line":43,"column":18},"end":{"line":51,"column":3}},"line":43},"2":{"name":"fetchPlanets","decl":{"start":{"line":44,"column":19},"end":{"line":44,"column":31}},"loc":{"start":{"line":44,"column":34},"end":{"line":49,"column":5}},"line":44},"3":{"name":"(anonymous_3)","decl":{"start":{"line":53,"column":12},"end":{"line":53,"column":13}},"loc":{"start":{"line":53,"column":18},"end":{"line":60,"column":3}},"line":53},"4":{"name":"(anonymous_4)","decl":{"start":{"line":56,"column":16},"end":{"line":56,"column":17}},"loc":{"start":{"line":56,"column":32},"end":{"line":57,"column":50}},"line":56}},"branchMap":{"0":{"loc":{"start":{"line":54,"column":4},"end":{"line":59,"column":5}},"type":"if","locations":[{"start":{"line":54,"column":4},"end":{"line":59,"column":5}},{"start":{},"end":{}}],"line":54},"1":{"loc":{"start":{"line":54,"column":8},"end":{"line":54,"column":35}},"type":"binary-expr","locations":[{"start":{"line":54,"column":8},"end":{"line":54,"column":16}},{"start":{"line":54,"column":20},"end":{"line":54,"column":35}}],"line":54}},"s":{"0":36,"1":36,"2":36,"3":36,"4":36,"5":36,"6":36,"7":36,"8":36,"9":36,"10":36,"11":36,"12":36,"13":5,"14":5,"15":5,"16":5,"17":5,"18":36,"19":13,"20":3,"21":30,"22":3,"23":36,"24":1},"f":{"0":36,"1":5,"2":5,"3":13,"4":30},"b":{"0":[3,10],"1":[13,3]},"_coverageSchema":"1a1c01bbd47fc00a2c39e90264f33305004495a9","hash":"93098a1cd64bc432c119c91fe0b402fdd5732e36"}
}
