{"total": {"lines":{"total":100,"covered":33,"skipped":0,"pct":33},"statements":{"total":100,"covered":33,"skipped":0,"pct":33},"functions":{"total":39,"covered":10,"skipped":0,"pct":25.64},"branches":{"total":22,"covered":5,"skipped":0,"pct":22.72},"branchesTrue":{"total":0,"covered":0,"skipped":0,"pct":100}}
,"/home/livia/trybe_projetos/sd-028-a-project-starwars-planets-search/src/App.css": {"lines":{"total":1,"covered":1,"skipped":0,"pct":100},"functions":{"total":0,"covered":0,"skipped":0,"pct":100},"statements":{"total":1,"covered":1,"skipped":0,"pct":100},"branches":{"total":0,"covered":0,"skipped":0,"pct":100}}
,"/home/livia/trybe_projetos/sd-028-a-project-starwars-planets-search/src/App.js": {"lines":{"total":1,"covered":1,"skipped":0,"pct":100},"functions":{"total":1,"covered":1,"skipped":0,"pct":100},"statements":{"total":1,"covered":1,"skipped":0,"pct":100},"branches":{"total":0,"covered":0,"skipped":0,"pct":100}}
,"/home/livia/trybe_projetos/sd-028-a-project-starwars-planets-search/src/Components/Filters.js": {"lines":{"total":38,"covered":4,"skipped":0,"pct":10.52},"functions":{"total":20,"covered":2,"skipped":0,"pct":10},"statements":{"total":38,"covered":4,"skipped":0,"pct":10.52},"branches":{"total":10,"covered":2,"skipped":0,"pct":20}}
,"/home/livia/trybe_projetos/sd-028-a-project-starwars-planets-search/src/Components/JointFilters.js": {"lines":{"total":27,"covered":2,"skipped":0,"pct":7.4},"functions":{"total":9,"covered":1,"skipped":0,"pct":11.11},"statements":{"total":27,"covered":2,"skipped":0,"pct":7.4},"branches":{"total":8,"covered":1,"skipped":0,"pct":12.5}}
,"/home/livia/trybe_projetos/sd-028-a-project-starwars-planets-search/src/Components/Table.js": {"lines":{"total":7,"covered":5,"skipped":0,"pct":71.42},"functions":{"total":4,"covered":2,"skipped":0,"pct":50},"statements":{"total":7,"covered":5,"skipped":0,"pct":71.42},"branches":{"total":0,"covered":0,"skipped":0,"pct":100}}
,"/home/livia/trybe_projetos/sd-028-a-project-starwars-planets-search/src/Context/PlanetContext.js": {"lines":{"total":1,"covered":1,"skipped":0,"pct":100},"functions":{"total":0,"covered":0,"skipped":0,"pct":100},"statements":{"total":1,"covered":1,"skipped":0,"pct":100},"branches":{"total":0,"covered":0,"skipped":0,"pct":100}}
,"/home/livia/trybe_projetos/sd-028-a-project-starwars-planets-search/src/Provider/PlanetProvider.js": {"lines":{"total":25,"covered":19,"skipped":0,"pct":76},"functions":{"total":5,"covered":4,"skipped":0,"pct":80},"statements":{"total":25,"covered":19,"skipped":0,"pct":76},"branches":{"total":4,"covered":2,"skipped":0,"pct":50}}
}
