TN:
SF:cypress/mocks/testData.js
FNF:0
FNH:0
DA:1,1
LF:1
LH:1
BRF:0
BRH:0
end_of_record
TN:
SF:src/App.js
FN:7,App
FNF:1
FNH:1
FNDA:5,App
DA:8,5
LF:1
LH:1
BRF:0
BRH:0
end_of_record
TN:
SF:src/Components/Filters.js
FN:4,Filters
FN:27,(anonymous_1)
FN:29,handleClick
FN:37,(anonymous_3)
FN:42,(anonymous_4)
FN:47,(anonymous_5)
FN:52,(anonymous_6)
FN:57,(anonymous_7)
FN:64,handleClickAll
FN:83,(anonymous_9)
FN:92,(anonymous_10)
FN:94,(anonymous_11)
FN:107,(anonymous_12)
FN:118,(anonymous_13)
FN:129,(anonymous_14)
FN:137,(anonymous_15)
FN:139,(anonymous_16)
FN:154,(anonymous_17)
FN:161,(anonymous_18)
FN:166,(anonymous_19)
FNF:20
FNH:16
FNDA:36,Filters
FNDA:280,(anonymous_1)
FNDA:3,handleClick
FNDA:4,(anonymous_3)
FNDA:22,(anonymous_4)
FNDA:0,(anonymous_5)
FNDA:2,(anonymous_6)
FNDA:14,(anonymous_7)
FNDA:1,handleClickAll
FNDA:5,(anonymous_9)
FNDA:3,(anonymous_10)
FNDA:172,(anonymous_11)
FNDA:3,(anonymous_12)
FNDA:3,(anonymous_13)
FNDA:9,(anonymous_14)
FNDA:0,(anonymous_15)
FNDA:260,(anonymous_16)
FNDA:0,(anonymous_17)
FNDA:0,(anonymous_18)
FNDA:1,(anonymous_19)
DA:24,36
DA:26,36
DA:27,280
DA:30,3
DA:35,3
DA:37,3
DA:38,4
DA:40,4
DA:41,3
DA:42,22
DA:43,3
DA:45,4
DA:46,0
DA:47,0
DA:48,0
DA:50,4
DA:51,1
DA:52,2
DA:53,1
DA:56,3
DA:57,14
DA:59,3
DA:61,3
DA:65,1
DA:66,1
DA:68,1
DA:75,36
DA:83,5
DA:92,3
DA:95,172
DA:107,3
DA:118,3
DA:129,9
DA:137,0
DA:140,260
DA:154,0
DA:161,0
DA:166,1
LF:38
LH:32
BRDA:26,0,0,16
BRDA:26,0,1,20
BRDA:26,1,0,36
BRDA:26,1,1,20
BRDA:40,2,0,3
BRDA:40,2,1,1
BRDA:45,3,0,0
BRDA:45,3,1,4
BRDA:50,4,0,1
BRDA:50,4,1,3
BRF:10
BRH:9
end_of_record
TN:
SF:src/Components/JointFilters.js
FN:4,Table
FN:13,handleClick
FN:15,(anonymous_2)
FN:21,(anonymous_3)
FN:26,(anonymous_4)
FN:32,(anonymous_5)
FN:38,(anonymous_6)
FN:52,(anonymous_7)
FN:64,(anonymous_8)
FNF:9
FNH:7
FNDA:36,Table
FNDA:1,handleClick
FNDA:2,(anonymous_2)
FNDA:1,(anonymous_3)
FNDA:0,(anonymous_4)
FNDA:0,(anonymous_5)
FNDA:10,(anonymous_6)
FNDA:8,(anonymous_7)
FNDA:1,(anonymous_8)
DA:11,36
DA:14,1
DA:15,2
DA:16,1
DA:17,1
DA:19,1
DA:21,1
DA:22,1
DA:24,1
DA:25,0
DA:26,0
DA:27,0
DA:28,0
DA:30,1
DA:31,0
DA:32,0
DA:33,0
DA:34,0
DA:36,1
DA:37,1
DA:38,10
DA:39,1
DA:40,1
DA:43,1
DA:50,36
DA:53,8
DA:64,1
LF:27
LH:19
BRDA:24,0,0,0
BRDA:24,0,1,1
BRDA:30,1,0,0
BRDA:30,1,1,1
BRDA:36,2,0,1
BRDA:36,2,1,0
BRDA:52,3,0,36
BRDA:52,3,1,7
BRF:8
BRH:5
end_of_record
TN:
SF:src/Components/Table.js
FN:5,Table
FN:9,(anonymous_1)
FN:34,(anonymous_2)
FN:47,(anonymous_3)
FNF:4
FNH:4
FNDA:49,Table
FNDA:13,(anonymous_1)
FNDA:125,(anonymous_2)
FNDA:272,(anonymous_3)
DA:6,49
DA:7,49
DA:9,49
DA:10,13
DA:14,49
DA:35,125
DA:48,272
LF:7
LH:7
BRF:0
BRH:0
end_of_record
TN:
SF:src/Context/PlanetContext.js
FNF:0
FNH:0
DA:3,1
LF:1
LH:1
BRF:0
BRH:0
end_of_record
TN:
SF:src/Provider/PlanetProvider.js
FN:5,PlanetProvider
FN:43,(anonymous_1)
FN:44,fetchPlanets
FN:53,(anonymous_3)
FN:56,(anonymous_4)
FNF:5
FNH:5
FNDA:36,PlanetProvider
FNDA:5,(anonymous_1)
FNDA:5,fetchPlanets
FNDA:13,(anonymous_3)
FNDA:30,(anonymous_4)
DA:6,36
DA:7,36
DA:8,36
DA:9,36
DA:10,36
DA:11,36
DA:12,36
DA:13,36
DA:14,36
DA:15,36
DA:16,36
DA:19,36
DA:43,36
DA:45,5
DA:46,5
DA:47,5
DA:48,5
DA:50,5
DA:53,36
DA:54,13
DA:55,3
DA:56,30
DA:58,3
DA:62,36
DA:69,1
LF:25
LH:25
BRDA:54,0,0,3
BRDA:54,0,1,10
BRDA:54,1,0,13
BRDA:54,1,1,3
BRF:4
BRH:4
end_of_record
